TN:
SF:app.js
FNF:0
FNH:0
DA:1,1
DA:2,1
DA:3,1
DA:4,1
DA:5,1
DA:6,1
DA:7,1
DA:8,1
DA:9,1
DA:10,1
DA:11,1
DA:12,1
DA:13,1
DA:14,1
DA:15,1
DA:16,1
DA:17,0
DA:18,0
DA:19,0
DA:20,0
DA:21,1
DA:22,1
DA:23,1
DA:24,1
DA:25,0
DA:26,0
DA:27,0
DA:28,0
DA:29,0
DA:30,1
DA:31,1
DA:32,1
LF:32
LH:23
BRF:0
BRH:0
end_of_record
TN:
SF:config\config.js
FNF:0
FNH:0
DA:1,1
DA:2,1
DA:3,1
DA:4,1
DA:5,1
DA:6,1
DA:7,1
DA:8,1
DA:9,1
DA:10,1
DA:11,1
DA:12,1
DA:13,1
DA:14,1
DA:15,1
DA:16,1
DA:17,1
DA:18,1
DA:19,1
DA:20,1
DA:21,1
DA:22,1
DA:23,1
DA:24,1
DA:25,1
DA:26,1
DA:27,1
DA:28,1
DA:29,1
DA:30,1
DA:31,1
DA:32,1
DA:33,1
LF:33
LH:33
BRF:0
BRH:0
end_of_record
TN:
SF:controllers\auth.js
FN:8,register
FN:40,login
FN:82,changePassword
FN:126,deleteDataUser
FNF:4
FNH:4
FNDA:2,register
FNDA:3,login
FNDA:3,changePassword
FNDA:1,deleteDataUser
DA:1,1
DA:2,1
DA:3,1
DA:4,1
DA:5,1
DA:6,1
DA:7,1
DA:8,1
DA:9,2
DA:10,2
DA:11,2
DA:12,2
DA:13,2
DA:14,2
DA:15,2
DA:16,1
DA:17,1
DA:18,1
DA:19,1
DA:20,1
DA:21,1
DA:22,1
DA:23,1
DA:24,1
DA:25,1
DA:26,1
DA:27,1
DA:28,1
DA:29,1
DA:30,1
DA:31,1
DA:32,1
DA:33,1
DA:34,1
DA:35,2
DA:36,0
DA:37,0
DA:38,1
DA:39,1
DA:40,1
DA:41,3
DA:42,3
DA:43,3
DA:44,3
DA:45,3
DA:46,3
DA:47,3
DA:48,1
DA:49,1
DA:50,1
DA:51,1
DA:52,1
DA:53,2
DA:54,2
DA:55,3
DA:56,1
DA:57,1
DA:58,1
DA:59,1
DA:60,1
DA:61,1
DA:62,1
DA:63,1
DA:64,1
DA:65,1
DA:66,1
DA:67,1
DA:68,1
DA:69,1
DA:70,1
DA:71,1
DA:72,1
DA:73,1
DA:74,1
DA:75,1
DA:76,1
DA:77,3
DA:78,0
DA:79,0
DA:80,1
DA:81,1
DA:82,1
DA:83,3
DA:84,3
DA:85,3
DA:86,3
DA:87,1
DA:88,1
DA:89,1
DA:90,1
DA:91,1
DA:92,1
DA:93,2
DA:94,2
DA:95,2
DA:96,2
DA:97,2
DA:98,3
DA:99,1
DA:100,1
DA:101,1
DA:102,1
DA:103,1
DA:104,1
DA:105,1
DA:106,1
DA:107,1
DA:108,1
DA:109,1
DA:110,1
DA:111,1
DA:112,1
DA:113,1
DA:114,1
DA:115,1
DA:116,1
DA:117,1
DA:118,1
DA:119,1
DA:120,1
DA:121,3
DA:122,0
DA:123,0
DA:124,1
DA:125,1
DA:126,1
DA:127,1
DA:128,1
DA:129,1
DA:130,1
DA:131,1
DA:132,1
DA:133,1
DA:134,1
DA:135,1
DA:136,1
DA:137,1
DA:138,0
DA:139,0
DA:140,1
DA:141,1
LF:141
LH:133
BRDA:8,0,0,2
BRDA:15,1,0,1
BRDA:35,2,0,0
BRDA:40,3,0,3
BRDA:47,4,0,1
BRDA:52,5,0,2
BRDA:55,6,0,1
BRDA:55,7,0,1
BRDA:77,8,0,0
BRDA:82,9,0,3
BRDA:86,10,0,1
BRDA:92,11,0,2
BRDA:98,12,0,1
BRDA:121,13,0,0
BRDA:126,14,0,1
BRDA:137,15,0,0
BRF:16
BRH:12
end_of_record
TN:
SF:controllers\index.js
FNF:0
FNH:0
DA:1,1
DA:2,1
DA:3,1
DA:4,1
DA:5,1
LF:5
LH:5
BRF:0
BRH:0
end_of_record
TN:
SF:controllers\user_game_biodata.js
FN:9,create
FN:38,show
FN:59,update
FN:106,delete
FNF:4
FNH:4
FNDA:2,create
FNDA:2,show
FNDA:2,update
FNDA:2,delete
DA:1,1
DA:2,1
DA:3,1
DA:4,1
DA:5,1
DA:6,1
DA:7,1
DA:8,1
DA:9,1
DA:10,2
DA:11,2
DA:12,2
DA:13,2
DA:14,2
DA:15,1
DA:16,1
DA:17,1
DA:18,1
DA:19,1
DA:20,1
DA:21,1
DA:22,1
DA:23,1
DA:24,1
DA:25,1
DA:26,1
DA:27,1
DA:28,1
DA:29,1
DA:30,1
DA:31,1
DA:32,1
DA:33,2
DA:34,0
DA:35,0
DA:36,1
DA:37,1
DA:38,1
DA:39,2
DA:40,2
DA:41,2
DA:42,1
DA:43,1
DA:44,1
DA:45,1
DA:46,1
DA:47,1
DA:48,1
DA:49,1
DA:50,1
DA:51,1
DA:52,1
DA:53,2
DA:54,0
DA:55,0
DA:56,2
DA:57,1
DA:58,1
DA:59,1
DA:60,2
DA:61,2
DA:62,2
DA:63,2
DA:64,2
DA:65,2
DA:66,1
DA:67,1
DA:68,1
DA:69,1
DA:70,1
DA:71,1
DA:72,1
DA:73,1
DA:74,1
DA:75,1
DA:76,1
DA:77,1
DA:78,1
DA:79,1
DA:80,1
DA:81,1
DA:82,1
DA:83,1
DA:84,1
DA:85,1
DA:86,1
DA:87,1
DA:88,1
DA:89,1
DA:90,1
DA:91,1
DA:92,1
DA:93,1
DA:94,1
DA:95,1
DA:96,1
DA:97,1
DA:98,1
DA:99,1
DA:100,1
DA:101,2
DA:102,0
DA:103,0
DA:104,1
DA:105,1
DA:106,1
DA:107,2
DA:108,2
DA:109,2
DA:110,2
DA:111,1
DA:112,1
DA:113,1
DA:114,1
DA:115,1
DA:116,1
DA:117,1
DA:118,1
DA:119,1
DA:120,1
DA:121,1
DA:122,1
DA:123,1
DA:124,1
DA:125,2
DA:126,0
DA:127,0
DA:128,2
DA:129,1
LF:129
LH:121
BRDA:9,0,0,2
BRDA:14,1,0,1
BRDA:33,2,0,0
BRDA:38,3,0,2
BRDA:41,4,0,1
BRDA:53,5,0,0
BRDA:59,6,0,2
BRDA:65,7,0,1
BRDA:101,8,0,0
BRDA:106,9,0,2
BRDA:110,10,0,1
BRDA:125,11,0,0
BRF:12
BRH:8
end_of_record
TN:
SF:controllers\user_game_history.js
FN:9,create
FN:30,show
FN:51,update
FN:93,delete
FNF:4
FNH:4
FNDA:1,create
FNDA:2,show
FNDA:2,update
FNDA:2,delete
DA:1,1
DA:2,1
DA:3,1
DA:4,1
DA:5,1
DA:6,1
DA:7,1
DA:8,1
DA:9,1
DA:10,1
DA:11,1
DA:12,1
DA:13,1
DA:14,1
DA:15,1
DA:16,1
DA:17,1
DA:18,1
DA:19,1
DA:20,1
DA:21,1
DA:22,1
DA:23,1
DA:24,1
DA:25,1
DA:26,0
DA:27,0
DA:28,1
DA:29,1
DA:30,1
DA:31,2
DA:32,2
DA:33,2
DA:34,1
DA:35,1
DA:36,1
DA:37,1
DA:38,1
DA:39,1
DA:40,1
DA:41,1
DA:42,1
DA:43,1
DA:44,1
DA:45,2
DA:46,0
DA:47,0
DA:48,2
DA:49,1
DA:50,1
DA:51,1
DA:52,2
DA:53,2
DA:54,2
DA:55,2
DA:56,2
DA:57,2
DA:58,2
DA:59,1
DA:60,1
DA:61,1
DA:62,1
DA:63,1
DA:64,1
DA:65,2
DA:66,0
DA:67,0
DA:68,0
DA:69,0
DA:70,1
DA:71,2
DA:72,0
DA:73,0
DA:74,0
DA:75,0
DA:76,1
DA:77,2
DA:78,0
DA:79,0
DA:80,0
DA:81,0
DA:82,1
DA:83,1
DA:84,1
DA:85,1
DA:86,1
DA:87,1
DA:88,2
DA:89,0
DA:90,0
DA:91,1
DA:92,1
DA:93,1
DA:94,2
DA:95,2
DA:96,2
DA:97,2
DA:98,2
DA:99,1
DA:100,1
DA:101,1
DA:102,1
DA:103,1
DA:104,1
DA:105,1
DA:106,1
DA:107,1
DA:108,1
DA:109,1
DA:110,1
DA:111,1
DA:112,1
DA:113,2
DA:114,0
DA:115,0
DA:116,2
DA:117,1
LF:117
LH:97
BRDA:9,0,0,1
BRDA:25,1,0,0
BRDA:30,2,0,2
BRDA:33,3,0,1
BRDA:45,4,0,0
BRDA:51,5,0,2
BRDA:58,6,0,1
BRDA:65,7,0,0
BRDA:69,8,0,1
BRDA:71,9,0,0
BRDA:75,10,0,1
BRDA:77,11,0,0
BRDA:81,12,0,1
BRDA:88,13,0,0
BRDA:93,14,0,2
BRDA:98,15,0,1
BRDA:113,16,0,0
BRF:17
BRH:10
end_of_record
TN:
SF:helpers\middleware.js
FN:8,mustLogin
FNF:1
FNH:1
FNDA:19,mustLogin
DA:1,1
DA:2,1
DA:3,1
DA:4,1
DA:5,1
DA:6,1
DA:7,1
DA:8,1
DA:9,19
DA:10,19
DA:11,19
DA:12,0
DA:13,0
DA:14,0
DA:15,0
DA:16,0
DA:17,0
DA:18,19
DA:19,19
DA:20,19
DA:21,19
DA:22,19
DA:23,19
DA:24,0
DA:25,0
DA:26,0
DA:27,0
DA:28,0
DA:29,0
DA:30,0
DA:31,0
DA:32,0
DA:33,0
DA:34,19
DA:35,1
LF:35
LH:19
BRDA:8,0,0,19
BRDA:11,1,0,0
BRDA:23,2,0,0
BRF:3
BRH:1
end_of_record
TN:
SF:helpers\testingHelpers.js
FN:6,userTruncate
FN:9,biodataTruncate
FN:12,historyTruncate
FNF:3
FNH:3
FNDA:1,userTruncate
FNDA:1,biodataTruncate
FNDA:1,historyTruncate
DA:1,1
DA:2,1
DA:3,1
DA:4,1
DA:5,1
DA:6,1
DA:7,1
DA:8,1
DA:9,1
DA:10,1
DA:11,1
DA:12,1
DA:13,1
DA:14,1
DA:15,1
DA:16,1
LF:16
LH:16
BRDA:6,0,0,1
BRDA:9,1,0,1
BRDA:12,2,0,1
BRF:3
BRH:3
end_of_record
TN:
SF:models\index.js
FNF:0
FNH:0
DA:1,1
DA:2,1
DA:3,1
DA:4,1
DA:5,1
DA:6,1
DA:7,1
DA:8,1
DA:9,1
DA:10,1
DA:11,1
DA:12,1
DA:13,0
DA:14,1
DA:15,1
DA:16,1
DA:17,1
DA:18,1
DA:19,1
DA:20,1
DA:21,4
DA:22,4
DA:23,1
DA:24,3
DA:25,3
DA:26,1
DA:27,1
DA:28,1
DA:29,3
DA:30,3
DA:31,3
DA:32,1
DA:33,1
DA:34,1
DA:35,1
DA:36,1
DA:37,1
LF:37
LH:36
BRDA:7,0,0,0
BRDA:12,1,0,0
BRDA:20,2,0,4
BRDA:21,3,0,3
BRDA:23,4,0,3
BRDA:28,5,0,3
BRF:6
BRH:4
end_of_record
TN:
SF:models\user_game.js
FN:5,Object.<anonymous>.module.exports
FN:12,associate
FNF:2
FNH:2
FNDA:1,Object.<anonymous>.module.exports
FNDA:1,associate
DA:1,1
DA:2,1
DA:3,1
DA:4,1
DA:5,1
DA:6,1
DA:7,1
DA:8,1
DA:9,1
DA:10,1
DA:11,1
DA:12,1
DA:13,1
DA:14,1
DA:15,1
DA:16,1
DA:17,1
DA:18,1
DA:19,1
DA:20,1
DA:21,1
DA:22,1
DA:23,1
DA:24,1
LF:24
LH:24
BRDA:5,0,0,1
BRDA:12,1,0,1
BRF:2
BRH:2
end_of_record
TN:
SF:models\user_game_biodata.js
FN:5,Object.<anonymous>.module.exports
FN:12,associate
FNF:2
FNH:2
FNDA:1,Object.<anonymous>.module.exports
FNDA:1,associate
DA:1,1
DA:2,1
DA:3,1
DA:4,1
DA:5,1
DA:6,1
DA:7,1
DA:8,1
DA:9,1
DA:10,1
DA:11,1
DA:12,1
DA:13,1
DA:14,1
DA:15,1
DA:16,1
DA:17,1
DA:18,1
DA:19,1
DA:20,1
DA:21,1
DA:22,1
DA:23,1
DA:24,1
DA:25,1
DA:26,1
DA:27,1
LF:27
LH:27
BRDA:5,0,0,1
BRDA:12,1,0,1
BRF:2
BRH:2
end_of_record
TN:
SF:models\user_game_history.js
FN:5,Object.<anonymous>.module.exports
FN:12,associate
FNF:2
FNH:2
FNDA:1,Object.<anonymous>.module.exports
FNDA:1,associate
DA:1,1
DA:2,1
DA:3,1
DA:4,1
DA:5,1
DA:6,1
DA:7,1
DA:8,1
DA:9,1
DA:10,1
DA:11,1
DA:12,1
DA:13,1
DA:14,1
DA:15,1
DA:16,1
DA:17,1
DA:18,1
DA:19,1
DA:20,1
DA:21,1
DA:22,1
DA:23,1
DA:24,1
DA:25,1
DA:26,1
LF:26
LH:26
BRDA:5,0,0,1
BRDA:12,1,0,1
BRF:2
BRH:2
end_of_record
TN:
SF:routes\index.js
FNF:0
FNH:0
DA:1,1
DA:2,1
DA:3,1
DA:4,1
DA:5,1
DA:6,1
DA:7,1
DA:8,1
DA:9,1
DA:10,1
DA:11,1
DA:12,1
LF:12
LH:12
BRF:0
BRH:0
end_of_record
TN:
SF:routes\user_bio.js
FNF:0
FNH:0
DA:1,1
DA:2,1
DA:3,1
DA:4,1
DA:5,1
DA:6,1
DA:7,1
DA:8,1
DA:9,1
DA:10,1
DA:11,1
DA:12,1
DA:13,1
LF:13
LH:13
BRF:0
BRH:0
end_of_record
TN:
SF:routes\user_game.js
FNF:0
FNH:0
DA:1,1
DA:2,1
DA:3,1
DA:4,1
DA:5,1
DA:6,1
DA:7,1
DA:8,1
DA:9,1
DA:10,1
DA:11,1
DA:12,1
DA:13,1
LF:13
LH:13
BRF:0
BRH:0
end_of_record
TN:
SF:routes\user_history.js
FNF:0
FNH:0
DA:1,1
DA:2,1
DA:3,1
DA:4,1
DA:5,1
DA:6,1
DA:7,1
DA:8,1
DA:9,1
DA:10,1
DA:11,1
DA:12,1
DA:13,1
LF:13
LH:13
BRF:0
BRH:0
end_of_record
